[2018-04-20 10:31:04,811] multiqc                                            [DEBUG  ]  No MultiQC config found: /home/lanno001/poreTally/lib/python3_virtualenv/lib/python3.5/site-packages/multiqc_config.yaml
[2018-04-20 10:31:04,812] multiqc                                            [DEBUG  ]  No MultiQC config found: /home/lanno001/.multiqc_config.yaml
[2018-04-20 10:31:04,812] multiqc                                            [DEBUG  ]  No MultiQC config found: multiqc_config.yaml
[2018-04-20 10:31:04,812] multiqc                                            [DEBUG  ]  Command used: /home/lanno001/poreTally/lib/python3_virtualenv/bin/multiqc -i Assembler Benchmark report --filename REPORT -o /mnt/nexenta/lanno001/nobackup/ab_github_example/summarized_results -f -p --tag assembler_benchmark --template assembler_benchmark /mnt/nexenta/lanno001/nobackup/ab_github_example/summarized_results --data-format yaml
[2018-04-20 10:31:05,464] multiqc                                            [DEBUG  ]  Latest MultiQC version is v1.5
[2018-04-20 10:31:05,464] multiqc                                            [INFO   ]  This is MultiQC v1.5.dev0 (55bd3cc)
[2018-04-20 10:31:05,465] multiqc                                            [DEBUG  ]  Command     : /home/lanno001/poreTally/lib/python3_virtualenv/bin/multiqc -i Assembler Benchmark report --filename REPORT -o /mnt/nexenta/lanno001/nobackup/ab_github_example/summarized_results -f -p --tag assembler_benchmark --template assembler_benchmark /mnt/nexenta/lanno001/nobackup/ab_github_example/summarized_results --data-format yaml
[2018-04-20 10:31:05,465] multiqc                                            [DEBUG  ]  Working dir : /mnt/nexenta/lanno001/nobackup
[2018-04-20 10:31:05,465] multiqc                                            [INFO   ]  Template    : assembler_benchmark
[2018-04-20 10:31:05,466] multiqc                                            [INFO   ]  Report title: Assembler Benchmark report
[2018-04-20 10:31:05,466] multiqc                                            [INFO   ]  Searching '/mnt/nexenta/lanno001/nobackup/ab_github_example/summarized_results'
[2018-04-20 10:31:05,467] multiqc                                            [INFO   ]  Only using modules with 'assembler_benchmark' tag
[2018-04-20 10:31:05,468] multiqc                                            [DEBUG  ]  Analysing modules: ab_methods_section, ab_read_quality, quast, jellyfish, mummerplot, ab_cpu_times
[2018-04-20 10:31:05,468] multiqc                                            [DEBUG  ]  Using temporary directory for creating report: /tmp/tmpr35xhe_e
[2018-04-20 10:31:05,593] multiqc                                            [DEBUG  ]  Ignored search patterns as didn't match running modules: vcftools/relatedness2, custom_content, picard/hsmetrics, rseqc/read_distribution, skewer, verifybamid/selfsm, macs2, afterqc, star/genecounts, fastqc/zip, hicup, bbmap/statsfile, qualimap/rnaseq/rnaseq_results, trimmomatic, bowtie1, conpair/concordance, samblaster, samtools/idxstats, picard/gcbias, samtools/stats, goleft_indexcov/roc, bcftools/stats, qualimap/bamqc/insert_size, methylQA, supernova/report, homer/FreqDistribution, vcftools/tstv_by_count, peddy/summary_table, cutadapt, slamdunk/summary, qorts, bbmap/bqhist, bamtools/stats, htseq, preseq/real_counts, samtools/rmdup, bbmap/mhist, gatk/base_recalibrator, bbmap/lhist, peddy/sex_check, tophat, bbmap/indelhist, bcl2fastq, rsem, bismark/bam2nuc, busco, bbmap/covstats, supernova/summary, bbmap/bhist, picard/alignment_metrics, rseqc/gene_body_coverage, rseqc/junction_saturation, vcftools/tstv_by_qual, biobloomtools, interop/index-summary, supernova/kmers, homer/RestrictionDistribution, bbmap/covhist, rna_seqc/coverage, qualimap/bamqc/genome_results, bismark/m_bias, supernova/molecules, samtools/flagstat, deeptools/plotFingerprintOutRawCounts, rseqc/infer_experiment, bbmap/bincov, picard/rrbs_metrics, qualimap/bamqc/gc_dist, deeptools/plotFingerprintOutQualityMetrics, slamdunk/utrrates, sargasso, rseqc/read_gc, snpeff, homer/LengthDistribution, bbmap/ehist, preseq, deeptools/plotEnrichment, hicexplorer, kallisto, theta2, slamdunk/tcperutrpos, peddy/het_check, sortmerna, homer/tagInfo, bbmap/statsfile_machine, picard/oxogmetrics, qualimap/rnaseq/coverage, clusterflow/runfiles, bowtie2, adapterRemoval, bismark/meth_extract, bismark/align, peddy/ped_check, prokka, picard/markdups, rseqc/read_duplication_pos, bbmap/qahist, deeptools/plotCoverageOutRawCounts, disambiguate, rseqc/junction_annotation, rna_seqc/correlation, featurecounts, fastqc/data, star, homer/GCcontent, picard/basedistributionbycycle, conpair/contamination, slamdunk/tcperreadpos, fastqc/theoretical_gc, homer/findpeaks, qualimap/bamqc/coverage, picard/wgs_metrics, rna_seqc/metrics, rseqc/inner_distance, slamdunk/rates, bismark/dedup, deeptools/plotCoverageStdout, salmon/fld, picard/insertsize, qualimap/bamqc/genome_fraction, bbmap/gchist, hisat2, bbmap/ihist, bbmap/idhist, clusterflow/logs, homer/genomeGCcontent, bbmap/qhist, gatk/varianteval, bbmap/aqhist, interop/summary, quast_synteny, vcftools/tstv_summary, slamdunk/PCA, bbmap/rpkm, flexbar, fastq_screen, deeptools/estimateReadFiltering, picard/rnaseqmetrics, leehom, picard/pcr_metrics, deeptools/bamPEFragmentSize, goleft_indexcov/ped, rseqc/bam_stat, salmon/meta
[2018-04-20 10:31:05,662] multiqc                                            [DEBUG  ]  Ignoring file as matched an ignore pattern: flye.html
[2018-04-20 10:31:05,667] multiqc                                            [DEBUG  ]  Ignoring file as matched an ignore pattern: smartdenovo.html
[2018-04-20 10:31:05,672] multiqc                                            [DEBUG  ]  Ignoring file as matched an ignore pattern: canu.html
[2018-04-20 10:31:05,854] multiqc                                            [DEBUG  ]  Ignoring file as matched an ignore pattern: minimap2_miniasm_nanopolish.html
[2018-04-20 10:31:05,957] multiqc                                            [DEBUG  ]  Ignoring file as matched an ignore pattern: minimap2_miniasm.html
[2018-04-20 10:31:05,962] multiqc                                            [DEBUG  ]  Ignoring file as matched an ignore pattern: NanoPlot-report.html
[2018-04-20 10:31:06,070] multiqc.modules.ab_read_quality.ab_read_quality    [INFO   ]  found Minimap2 alignment summary
[2018-04-20 10:31:06,072] multiqc.modules.ab_read_quality.ab_read_quality    [INFO   ]  found nanostats file
[2018-04-20 10:31:06,531] multiqc.modules.quast.quast                        [INFO   ]  Found 5 reports
[2018-04-20 10:31:08,499] multiqc.modules.jellyfish.jellyfish                [INFO   ]  Found 0 histogram files
[2018-04-20 10:31:08,500] multiqc.modules.jellyfish.jellyfish                [INFO   ]  Found 6 count (dump) files
[2018-04-20 10:31:11,327] multiqc.modules.mummerplot.mummerplot              [INFO   ]  found mummerplot images
[2018-04-20 10:31:12,216] multiqc.modules.ab_cpu_times.ab_cpu_times          [INFO   ]  found 5 CPU time entries
[2018-04-20 10:31:12,233] multiqc                                            [INFO   ]  Compressing plot data
[2018-04-20 10:31:13,908] multiqc                                            [INFO   ]  Report      : ab_github_example/summarized_results/multiqc_report/REPORT.html
[2018-04-20 10:31:13,909] multiqc                                            [INFO   ]  Data        : ab_github_example/summarized_results/multiqc_report/REPORT_data
[2018-04-20 10:31:13,910] multiqc                                            [DEBUG  ]  Moving data file from '/tmp/tmpr35xhe_e/multiqc_data/mqc_quast_num_contigs_1.yaml' to '/mnt/nexenta/lanno001/nobackup/ab_github_example/summarized_results/multiqc_report/REPORT_data'
[2018-04-20 10:31:13,913] multiqc                                            [DEBUG  ]  Moving data file from '/tmp/tmpr35xhe_e/multiqc_data/multiqc_sources.yaml' to '/mnt/nexenta/lanno001/nobackup/ab_github_example/summarized_results/multiqc_report/REPORT_data'
[2018-04-20 10:31:13,916] multiqc                                            [DEBUG  ]  Moving data file from '/tmp/tmpr35xhe_e/multiqc_data/multiqc_quast.yaml' to '/mnt/nexenta/lanno001/nobackup/ab_github_example/summarized_results/multiqc_report/REPORT_data'
[2018-04-20 10:31:13,919] multiqc                                            [DEBUG  ]  Moving data file from '/tmp/tmpr35xhe_e/multiqc_data/multiqc_data.json' to '/mnt/nexenta/lanno001/nobackup/ab_github_example/summarized_results/multiqc_report/REPORT_data'
[2018-04-20 10:31:13,955] multiqc                                            [DEBUG  ]  Moving data file from '/tmp/tmpr35xhe_e/multiqc_data/multiqc_general_stats.yaml' to '/mnt/nexenta/lanno001/nobackup/ab_github_example/summarized_results/multiqc_report/REPORT_data'
[2018-04-20 10:31:13,958] multiqc                                            [DEBUG  ]  Moving data file from '/tmp/tmpr35xhe_e/multiqc_data/ab_methods.yaml' to '/mnt/nexenta/lanno001/nobackup/ab_github_example/summarized_results/multiqc_report/REPORT_data'
[2018-04-20 10:31:13,960] multiqc                                            [DEBUG  ]  Moving data file from '/tmp/tmpr35xhe_e/multiqc_data/multiqc_readqual_summary.yaml' to '/mnt/nexenta/lanno001/nobackup/ab_github_example/summarized_results/multiqc_report/REPORT_data'
[2018-04-20 10:31:13,962] multiqc                                            [INFO   ]  Plots       : ab_github_example/summarized_results/multiqc_report/multiqc_plots
[2018-04-20 10:31:13,963] multiqc                                            [DEBUG  ]  Moving plots directory from '/tmp/tmpr35xhe_e/multiqc_plots/svg' to '/mnt/nexenta/lanno001/nobackup/ab_github_example/summarized_results/multiqc_report/multiqc_plots'
[2018-04-20 10:31:13,970] multiqc                                            [DEBUG  ]  Moving plots directory from '/tmp/tmpr35xhe_e/multiqc_plots/pdf' to '/mnt/nexenta/lanno001/nobackup/ab_github_example/summarized_results/multiqc_report/multiqc_plots'
[2018-04-20 10:31:13,976] multiqc                                            [DEBUG  ]  Moving plots directory from '/tmp/tmpr35xhe_e/multiqc_plots/png' to '/mnt/nexenta/lanno001/nobackup/ab_github_example/summarized_results/multiqc_report/multiqc_plots'
[2018-04-20 10:31:14,224] multiqc                                            [INFO   ]  MultiQC complete
