[2018-04-20_00:51:52]: PUSH TO GITHUB REPOSITORY
[master 3282304] Automatic benchmark results commit
 113 files changed, 1539571 insertions(+)
 create mode 100644 README.md
 create mode 100644 REPORT.html
 create mode 100644 REPORT_data/ab_methods.yaml
 create mode 100644 REPORT_data/mqc_quast_num_contigs_1.yaml
 create mode 100644 REPORT_data/multiqc.log
 create mode 100644 REPORT_data/multiqc_data.json
 create mode 100644 REPORT_data/multiqc_general_stats.yaml
 create mode 100644 REPORT_data/multiqc_quast.yaml
 create mode 100644 REPORT_data/multiqc_readqual_summary.yaml
 create mode 100644 REPORT_data/multiqc_sources.yaml
 create mode 100644 analysis_tool_versions.yaml
 create mode 100644 assembler_logfiles/canu.log
 create mode 100644 assembler_logfiles/flye.log
 create mode 100644 assembler_logfiles/minimap2_miniasm.log
 create mode 100644 assembler_logfiles/minimap2_miniasm_nanopolish.log
 create mode 100644 assembler_logfiles/smartdenovo.log
 create mode 100644 assembler_scripts/canu.sh
 create mode 100644 assembler_scripts/flye.sh
 create mode 100644 assembler_scripts/minimap2_miniasm.sh
 create mode 100644 assembler_scripts/minimap2_miniasm_nanopolish.sh
 create mode 100644 assembler_scripts/smartdenovo.sh
 create mode 100644 efficiency/CPU_times.yaml
 create mode 100644 extended_parameters.config
 create mode 100644 kmer_abundance/count_files/canu.count
 create mode 100644 kmer_abundance/count_files/ecoli_k12_mg1655.count
 create mode 100644 kmer_abundance/count_files/flye.count
 create mode 100644 kmer_abundance/count_files/minimap2_miniasm.count
 create mode 100644 kmer_abundance/count_files/minimap2_miniasm_nanopolish.count
 create mode 100644 kmer_abundance/count_files/smartdenovo.count
 create mode 100644 kmer_abundance/jf_files/canu.jf
 create mode 100644 kmer_abundance/jf_files/ecoli_k12_mg1655.jf
 create mode 100644 kmer_abundance/jf_files/flye.jf
 create mode 100644 kmer_abundance/jf_files/minimap2_miniasm.jf
 create mode 100644 kmer_abundance/jf_files/minimap2_miniasm_nanopolish.jf
 create mode 100644 kmer_abundance/jf_files/smartdenovo.jf
 create mode 100644 multiqc_plots/pdf/mqc_quast_num_contigs_1.pdf
 create mode 100644 multiqc_plots/pdf/mqc_quast_num_contigs_1_pc.pdf
 create mode 100644 multiqc_plots/png/mqc_jellyfish_kmer_scatterplot.png
 create mode 100644 multiqc_plots/png/mqc_mummerplot.png
 create mode 100644 multiqc_plots/png/mqc_quast_num_contigs_1.png
 create mode 100644 multiqc_plots/png/mqc_quast_num_contigs_1_pc.png
 create mode 100644 multiqc_plots/svg/mqc_quast_num_contigs_1.svg
 create mode 100644 multiqc_plots/svg/mqc_quast_num_contigs_1_pc.svg
 create mode 100644 publication_info.txt
 create mode 100644 quast/nucmer_output/canu.all_snps.gz
 create mode 100644 quast/nucmer_output/canu.coords
 create mode 100644 quast/nucmer_output/canu.coords.filtered
 create mode 100644 quast/nucmer_output/canu.filter
 create mode 100644 quast/nucmer_output/canu.fplot
 create mode 100644 quast/nucmer_output/canu.gp
 create mode 100644 quast/nucmer_output/canu.html
 create mode 100644 quast/nucmer_output/canu.rplot
 create mode 100644 quast/nucmer_output/canu.sf
 create mode 100644 quast/nucmer_output/canu.unaligned
 create mode 100644 quast/nucmer_output/canu.used_snps.gz
 create mode 100644 quast/nucmer_output/flye.all_snps.gz
 create mode 100644 quast/nucmer_output/flye.coords
 create mode 100644 quast/nucmer_output/flye.coords.filtered
 create mode 100644 quast/nucmer_output/flye.filter
 create mode 100644 quast/nucmer_output/flye.fplot
 create mode 100644 quast/nucmer_output/flye.gp
 create mode 100644 quast/nucmer_output/flye.html
 create mode 100644 quast/nucmer_output/flye.rplot
 create mode 100644 quast/nucmer_output/flye.sf
 create mode 100644 quast/nucmer_output/flye.unaligned
 create mode 100644 quast/nucmer_output/flye.used_snps.gz
 create mode 100644 quast/nucmer_output/minimap2_miniasm.all_snps.gz
 create mode 100644 quast/nucmer_output/minimap2_miniasm.coords
 create mode 100644 quast/nucmer_output/minimap2_miniasm.coords.filtered
 create mode 100644 quast/nucmer_output/minimap2_miniasm.filter
 create mode 100644 quast/nucmer_output/minimap2_miniasm.fplot
 create mode 100644 quast/nucmer_output/minimap2_miniasm.gp
 create mode 100644 quast/nucmer_output/minimap2_miniasm.html
 create mode 100644 quast/nucmer_output/minimap2_miniasm.rplot
 create mode 100644 quast/nucmer_output/minimap2_miniasm.sf
 create mode 100644 quast/nucmer_output/minimap2_miniasm.unaligned
 create mode 100644 quast/nucmer_output/minimap2_miniasm.used_snps.gz
 create mode 100644 quast/nucmer_output/minimap2_miniasm_nanopolish.all_snps.gz
 create mode 100644 quast/nucmer_output/minimap2_miniasm_nanopolish.coords
 create mode 100644 quast/nucmer_output/minimap2_miniasm_nanopolish.coords.filtered
 create mode 100644 quast/nucmer_output/minimap2_miniasm_nanopolish.filter
 create mode 100644 quast/nucmer_output/minimap2_miniasm_nanopolish.fplot
 create mode 100644 quast/nucmer_output/minimap2_miniasm_nanopolish.gp
 create mode 100644 quast/nucmer_output/minimap2_miniasm_nanopolish.html
 create mode 100644 quast/nucmer_output/minimap2_miniasm_nanopolish.rplot
 create mode 100644 quast/nucmer_output/minimap2_miniasm_nanopolish.sf
 create mode 100644 quast/nucmer_output/minimap2_miniasm_nanopolish.unaligned
 create mode 100644 quast/nucmer_output/minimap2_miniasm_nanopolish.used_snps.gz
 create mode 100644 quast/nucmer_output/smartdenovo.all_snps.gz
 create mode 100644 quast/nucmer_output/smartdenovo.coords
 create mode 100644 quast/nucmer_output/smartdenovo.coords.filtered
 create mode 100644 quast/nucmer_output/smartdenovo.filter
 create mode 100644 quast/nucmer_output/smartdenovo.fplot
 create mode 100644 quast/nucmer_output/smartdenovo.gp
 create mode 100644 quast/nucmer_output/smartdenovo.html
 create mode 100644 quast/nucmer_output/smartdenovo.rplot
 create mode 100644 quast/nucmer_output/smartdenovo.sf
 create mode 100644 quast/nucmer_output/smartdenovo.unaligned
 create mode 100644 quast/nucmer_output/smartdenovo.used_snps.gz
 create mode 100644 quast/report.tsv
 create mode 100644 readset_analysis/HistogramReadlength.png
 create mode 100644 readset_analysis/LengthvsQualityScatterPlot_dot.png
 create mode 100644 readset_analysis/LengthvsQualityScatterPlot_kde.png
 create mode 100644 readset_analysis/LogTransformed_HistogramReadlength.png
 create mode 100644 readset_analysis/NanoPlot-report.html
 create mode 100644 readset_analysis/NanoPlot_20180420_0049.log
 create mode 100644 readset_analysis/NanoStats.txt
 create mode 100644 readset_analysis/Weighted_HistogramReadlength.png
 create mode 100644 readset_analysis/Weighted_LogTransformed_HistogramReadlength.png
 create mode 100644 readset_analysis/Yield_By_Length.png
 create mode 100644 readset_analysis/alignment_stats.yaml
 create mode 100644 readset_analysis/all_reads_alignment.paf
 create mode 100644 std_logs/quast.log
From github.com:cvdelannoy/poreTally_example
 * branch            master     -> FETCH_HEAD
Already up-to-date.
remote: warning: GH001: Large files detected. You may want to try Git Large File Storage - https://git-lfs.github.com.        
remote: warning: See http://git.io/iEPt8g for more information.        
remote: warning: File assembler_logfiles/minimap2_miniasm_nanopolish.log is 92.21 MB; this is larger than GitHub's recommended maximum file size of 50.00 MB        
To git@github.com:cvdelannoy/poreTally_example.git
   2c47dad..3282304  master -> master
Branch master set up to track remote branch master from origin.
